<?xml version="1.0" encoding="UTF-8"?>
<testng-results total="1" passed="1" failed="0" skipped="0">
  <reporter-output>
  </reporter-output>
  <suite started-at="2022-08-05T17:22:50Z" name="Sample Test Suite" finished-at="2022-08-05T17:22:58Z" duration-ms="7977">
    <groups>
    </groups>
    <test started-at="2022-08-05T17:22:50Z" name="Test Automation" finished-at="2022-08-05T17:22:58Z" duration-ms="7977">
      <class name="utils.SampleTest">
        <test-method is-config="true" signature="beforeTestMethod()[pri:0, instance:utils.SampleTest@5e4c8041]" started-at="2022-08-05T22:52:50Z" name="beforeTestMethod" finished-at="2022-08-05T22:52:50Z" duration-ms="303" status="PASS">
          <reporter-output>
          </reporter-output>
        </test-method> <!-- beforeTestMethod -->
        <test-method is-config="true" signature="beforeMethodMethod(java.lang.String, java.lang.reflect.Method)[pri:0, instance:utils.SampleTest@5e4c8041]" started-at="2022-08-05T22:52:50Z" name="beforeMethodMethod" finished-at="2022-08-05T22:52:55Z" duration-ms="4725" status="PASS">
          <params>
            <param index="0">
              <value>
                <![CDATA[chrome]]>
              </value>
            </param>
            <param index="1">
              <value>
                <![CDATA[public void utils.SampleTest.sampleMethodForEmailEntering()]]>
              </value>
            </param>
          </params>
          <reporter-output>
          </reporter-output>
        </test-method> <!-- beforeMethodMethod -->
        <test-method signature="sampleMethodForEmailEntering()[pri:0, instance:utils.SampleTest@5e4c8041]" started-at="2022-08-05T22:52:55Z" name="sampleMethodForEmailEntering" finished-at="2022-08-05T22:52:57Z" duration-ms="2182" status="PASS">
          <reporter-output>
          </reporter-output>
        </test-method> <!-- sampleMethodForEmailEntering -->
        <test-method is-config="true" signature="afterMethodMethod(org.testng.ITestResult)[pri:0, instance:utils.SampleTest@5e4c8041]" started-at="2022-08-05T22:52:57Z" name="afterMethodMethod" finished-at="2022-08-05T22:52:57Z" duration-ms="242" status="PASS">
          <params>
            <param index="0">
              <value>
                <![CDATA[[TestResult name=sampleMethodForEmailEntering status=SUCCESS method=SampleTest.sampleMethodForEmailEntering()[pri:0, instance:utils.SampleTest@5e4c8041] output={null}]]]>
              </value>
            </param>
          </params>
          <reporter-output>
          </reporter-output>
        </test-method> <!-- afterMethodMethod -->
        <test-method is-config="true" signature="afterTestMethod()[pri:0, instance:utils.SampleTest@5e4c8041]" started-at="2022-08-05T22:52:57Z" name="afterTestMethod" finished-at="2022-08-05T22:52:58Z" duration-ms="501" status="PASS">
          <reporter-output>
          </reporter-output>
        </test-method> <!-- afterTestMethod -->
      </class> <!-- utils.SampleTest -->
    </test> <!-- Test Automation -->
  </suite> <!-- Sample Test Suite -->
</testng-results>
